<?xml version="1.0" encoding="UTF-8"?>
<!-- Generated by org.testng.reporters.JUnitReportReporter -->
<testsuite hostname="DESKTOP-5GLQOAL" failures="0" tests="1" name="testRunners.RunnerBase" time="148.701" errors="0" timestamp="2022-01-31T14:53:56 IST" skipped="0">
  <testcase classname="testRunners.RunnerBase" name="runScenario" time="148.701"/>
  <system-out/>
</testsuite> <!-- testRunners.RunnerBase -->
